2021-11-05 08:43:03 Loading updated app package /home/heitzig/.config/obsidian/obsidian-0.12.19.asar
2021-11-05 08:43:05 Checking for update using Github
2021-11-05 08:43:05 Success.
2021-11-05 08:43:05 Latest version is 0.12.19
2021-11-05 08:43:05 App is up to date.
2021-11-05 09:43:03 Checking for update using Github
2021-11-05 09:43:03 Success.
2021-11-05 09:43:03 Latest version is 0.12.19
2021-11-05 09:43:03 App is up to date.
log4j:WARN No appenders could be found for logger (com.spotify.docker.client.DockerConfigReader).
log4j:WARN Please initialize the log4j system properly.
2021-11-05 10:43:03 Checking for update using Github
2021-11-05 10:43:03 Success.
2021-11-05 10:43:03 Latest version is 0.12.19
2021-11-05 10:43:03 App is up to date.
2021-11-05 11:43:03 Checking for update using Github
2021-11-05 11:43:03 Success.
2021-11-05 11:43:03 Latest version is 0.12.19
2021-11-05 11:43:03 App is up to date.
Opening URL: https://cnpmjs.org/package/@leonismoe/md5
2021-11-05 12:43:03 Checking for update using Github
2021-11-05 12:43:03 Success.
2021-11-05 12:43:03 Latest version is 0.12.19
2021-11-05 12:43:03 App is up to date.
