Building matrix-poll-bot
#0 building with "default" instance using docker driver

#1 [internal] load build definition from Dockerfile
#1 transferring dockerfile: 518B done
#1 DONE 0.0s

#2 [internal] load metadata for docker.io/library/python:3.11-slim-buster
#2 DONE 0.6s

#3 [internal] load .dockerignore
#3 transferring context: 2B done
#3 DONE 0.0s

#4 [1/5] FROM docker.io/library/python:3.11-slim-buster@sha256:c46b0ae5728c2247b99903098ade3176a58e274d9c7d2efeaaab3e0621a53935
#4 DONE 0.0s

#5 [2/5] WORKDIR /app
#5 CACHED

#6 [internal] load build context
#6 transferring context: 28B done
#6 DONE 0.0s

#7 [3/5] RUN pip install --no-cache-dir matrix-nio>=0.19.0 aiosqlite
#7 31.91 WARNING: Running pip as the 'root' user can result in broken permissions and conflicting behaviour with the system package manager. It is recommended to use a virtual environment instead: https://pip.pypa.io/warnings/venv
#7 32.43 
#7 32.43 [notice] A new release of pip is available: 23.1.2 -> 25.0.1
#7 32.43 [notice] To update, run: pip install --upgrade pip
#7 DONE 33.7s

#8 [4/5] COPY bot.py .
#8 DONE 0.1s

#9 [5/5] RUN pip freeze
#9 1.967 aiofiles==24.1.0
#9 1.967 aiohappyeyeballs==2.6.1
#9 1.967 aiohttp==3.11.16
#9 1.967 aiohttp_socks==0.10.1
#9 1.967 aiosignal==1.3.2
#9 1.967 aiosqlite==0.21.0
#9 1.967 attrs==25.3.0
#9 1.967 frozenlist==1.5.0
#9 1.967 h11==0.14.0
#9 1.967 h2==4.2.0
#9 1.967 hpack==4.1.0
#9 1.967 hyperframe==6.1.0
#9 1.967 idna==3.10
#9 1.967 jsonschema==4.23.0
#9 1.967 jsonschema-specifications==2024.10.1
#9 1.967 matrix-nio==0.25.2
#9 1.967 multidict==6.4.3
#9 1.967 propcache==0.3.1
#9 1.967 pycryptodome==3.22.0
#9 1.967 python-socks==2.7.1
#9 1.967 referencing==0.36.2
#9 1.967 rpds-py==0.24.0
#9 1.967 typing_extensions==4.13.2
#9 1.967 unpaddedbase64==2.1.0
#9 1.967 yarl==1.19.0
#9 DONE 2.2s

#10 exporting to image
#10 exporting layers
#10 exporting layers 1.3s done
#10 writing image sha256:762a86e17cee49189b9e39d83252dc3a182bb475be31b97aa956dbdc09944364 done
#10 naming to docker.io/library/matrix_bot_matrix-poll-bot done
#10 DONE 1.3s
